<?xml version="1.0" encoding="UTF-8"?>
<!-- Generated by org.testng.reporters.JUnitXMLReporter -->
<testsuite hostname="GeeKay" ignored="0" name="Test" tests="3" failures="0" timestamp="29 Jun 2018 02:44:18 GMT" time="0.186" errors="0">
  <testcase name="@BeforeTest basePageNavigation" time="0.033" classname="com.hellofresh.challenge1.RunWebTest">
    <failure type="java.io.FileNotFoundException" message="C:\Users\GeethuKarthu\web-test-naic\src\main\java\com\hellofresh\challenge1\InputData.properties (The system cannot find the path specified)">
      <![CDATA[java.io.FileNotFoundException: C:\Users\GeethuKarthu\web-test-naic\src\main\java\com\hellofresh\challenge1\InputData.properties (The system cannot find the path specified)
at java.io.FileInputStream.open0(Native Method)
at java.io.FileInputStream.open(Unknown Source)
at java.io.FileInputStream.<init>(Unknown Source)
at java.io.FileInputStream.<init>(Unknown Source)
at com.hellofresh.challenges.SelectBrowserType.initializeDriver(SelectBrowserType.java:21)
at com.hellofresh.challenge1.RunWebTest.basePageNavigation(RunWebTest.java:26)
... Removed 24 stack frames]]>
    </failure>
  </testcase> <!-- @BeforeTest basePageNavigation -->
  <testcase name="@AfterTest close" time="0.0" classname="com.hellofresh.challenge1.RunWebTest">
    <skipped/>
  </testcase> <!-- @AfterTest close -->
  <testcase name="LandPage" time="0.0" classname="com.hellofresh.challenge1.RunWebTest">
    <skipped/>
  </testcase> <!-- LandPage -->
  <testcase name="LogIn" time="0.0" classname="com.hellofresh.challenge1.RunWebTest">
    <skipped/>
  </testcase> <!-- LogIn -->
  <testcase name="CheckOut" time="0.0" classname="com.hellofresh.challenge1.RunWebTest">
    <skipped/>
  </testcase> <!-- CheckOut -->
</testsuite> <!-- Test -->
