<?xml version="1.0" encoding="UTF-8"?>
<testng-results skipped="0" failed="0" ignored="0" total="1" passed="1">
  <reporter-output>
  </reporter-output>
  <suite name="Surefire suite" duration-ms="36" started-at="2018-06-28T12:21:33Z" finished-at="2018-06-28T12:21:33Z">
    <groups>
    </groups>
    <test name="Surefire test" duration-ms="36" started-at="2018-06-28T12:21:33Z" finished-at="2018-06-28T12:21:33Z">
      <class name="com.hellofresh.challenge1.InvokeURLTest">
        <test-method status="PASS" signature="InvokeTest()[pri:0, instance:com.hellofresh.challenge1.InvokeURLTest@60addb54]" name="InvokeTest" duration-ms="8" started-at="2018-06-28T12:21:33Z" finished-at="2018-06-28T12:21:33Z">
          <reporter-output>
          </reporter-output>
        </test-method> <!-- InvokeTest -->
      </class> <!-- com.hellofresh.challenge1.InvokeURLTest -->
    </test> <!-- Surefire test -->
  </suite> <!-- Surefire suite -->
</testng-results>
